# JRE version: OpenJDK Runtime Environment Temurin-21.0.10+7 (21.0.10+7) (build 21.0.10+7-LTS)
# Java VM: OpenJDK 64-Bit Server VM Temurin-21.0.10+7 (21.0.10+7-LTS, mixed mode, sharing, tiered, compressed oops, compressed class ptrs, g1 gc, windows-amd64)
GC Precious Log:
 CardTable entry size: 512
 Card Set container configuration: InlinePtr #cards 4 size 8 Array Of Cards #cards 32 size 80 Howl #buckets 8 coarsen threshold 7372 Howl Bitmap #cards 1024 size 144 coarsen threshold 921 Card regions per heap region 1 cards per card region 8192
 CPUs: 8 total, 8 available
 Memory: 16167M
 Large Page Support: Disabled
 NUMA Support: Disabled
 Compressed Oops: Enabled (Zero based)
 Heap Region Size: 4M
 Heap Min Capacity: 8M
 Heap Initial Capacity: 256M
 Heap Max Capacity: 8G
 Pre-touch: Disabled
 Parallel Workers: 8
 Concurrent Workers: 2
 Concurrent Refinement Workers: 8
 Periodic GC: Disabled
Heap:
 garbage-first heap   total 233472K, used 165220K [0x0000000600000000, 0x0000000800000000)
  region size 4096K, 7 young (28672K), 2 survivors (8192K)
 Metaspace       used 106509K, committed 108928K, reserved 1179648K
  class space    used 15237K, committed 16448K, reserved 1048576K
GC Heap History (20 events):
Event: 34.143 GC heap before
{Heap before GC invocations=29 (full 0):
 garbage-first heap   total 184320K, used 163674K [0x0000000600000000, 0x0000000800000000)
  region size 4096K, 16 young (65536K), 2 survivors (8192K)
 Metaspace       used 90394K, committed 92608K, reserved 1179648K
  class space    used 12905K, committed 14016K, reserved 1048576K
}
Event: 34.151 GC heap after
{Heap after GC invocations=30 (full 0):
 garbage-first heap   total 184320K, used 108341K [0x0000000600000000, 0x0000000800000000)
  region size 4096K, 2 young (8192K), 2 survivors (8192K)
 Metaspace       used 90394K, committed 92608K, reserved 1179648K
  class space    used 12905K, committed 14016K, reserved 1048576K
}
Event: 35.094 GC heap before
{Heap before GC invocations=30 (full 0):
 garbage-first heap   total 184320K, used 165685K [0x0000000600000000, 0x0000000800000000)
  region size 4096K, 16 young (65536K), 2 survivors (8192K)
 Metaspace       used 94657K, committed 96832K, reserved 1179648K
  class space    used 13564K, committed 14656K, reserved 1048576K
}
Event: 35.104 GC heap after
{Heap after GC invocations=31 (full 0):
 garbage-first heap   total 184320K, used 110232K [0x0000000600000000, 0x0000000800000000)
  region size 4096K, 1 young (4096K), 1 survivors (4096K)
 Metaspace       used 94657K, committed 96832K, reserved 1179648K
  class space    used 13564K, committed 14656K, reserved 1048576K
}
Event: 36.007 GC heap before
{Heap before GC invocations=32 (full 0):
 garbage-first heap   total 192512K, used 163480K [0x0000000600000000, 0x0000000800000000)
  region size 4096K, 14 young (57344K), 1 survivors (4096K)
 Metaspace       used 98505K, committed 100736K, reserved 1179648K
  class space    used 14177K, committed 15296K, reserved 1048576K
}
Event: 36.011 GC heap after
{Heap after GC invocations=33 (full 0):
 garbage-first heap   total 192512K, used 112069K [0x0000000600000000, 0x0000000800000000)
  region size 4096K, 1 young (4096K), 1 survivors (4096K)
 Metaspace       used 98505K, committed 100736K, reserved 1179648K
  class space    used 14177K, committed 15296K, reserved 1048576K
}
Event: 36.868 GC heap before
{Heap before GC invocations=33 (full 0):
 garbage-first heap   total 192512K, used 177605K [0x0000000600000000, 0x0000000800000000)
  region size 4096K, 17 young (69632K), 1 survivors (4096K)
 Metaspace       used 102862K, committed 105216K, reserved 1179648K
  class space    used 14696K, committed 15872K, reserved 1048576K
}
Event: 36.874 GC heap after
{Heap after GC invocations=34 (full 0):
 garbage-first heap   total 192512K, used 114271K [0x0000000600000000, 0x0000000800000000)
  region size 4096K, 2 young (8192K), 2 survivors (8192K)
 Metaspace       used 102862K, committed 105216K, reserved 1179648K
  class space    used 14696K, committed 15872K, reserved 1048576K
}
Event: 37.413 GC heap before
{Heap before GC invocations=34 (full 0):
 garbage-first heap   total 192512K, used 171615K [0x0000000600000000, 0x0000000800000000)
  region size 4096K, 17 young (69632K), 2 survivors (8192K)
 Metaspace       used 103390K, committed 105728K, reserved 1179648K
  class space    used 14734K, committed 15872K, reserved 1048576K
}
Event: 37.420 GC heap after
{Heap after GC invocations=35 (full 0):
 garbage-first heap   total 192512K, used 119248K [0x0000000600000000, 0x0000000800000000)
  region size 4096K, 3 young (12288K), 3 survivors (12288K)
 Metaspace       used 103390K, committed 105728K, reserved 1179648K
  class space    used 14734K, committed 15872K, reserved 1048576K
}
Event: 37.855 GC heap before
{Heap before GC invocations=36 (full 0):
 garbage-first heap   total 204800K, used 172496K [0x0000000600000000, 0x0000000800000000)
  region size 4096K, 17 young (69632K), 3 survivors (12288K)
 Metaspace       used 103973K, committed 106304K, reserved 1179648K
  class space    used 14844K, committed 16000K, reserved 1048576K
}
Event: 37.863 GC heap after
{Heap after GC invocations=37 (full 0):
 garbage-first heap   total 204800K, used 123907K [0x0000000600000000, 0x0000000800000000)
  region size 4096K, 3 young (12288K), 3 survivors (12288K)
 Metaspace       used 103973K, committed 106304K, reserved 1179648K
  class space    used 14844K, committed 16000K, reserved 1048576K
}
Event: 38.483 GC heap before
{Heap before GC invocations=37 (full 0):
 garbage-first heap   total 204800K, used 185347K [0x0000000600000000, 0x0000000800000000)
  region size 4096K, 18 young (73728K), 3 survivors (12288K)
 Metaspace       used 104959K, committed 107328K, reserved 1179648K
  class space    used 15024K, committed 16192K, reserved 1048576K
}
Event: 38.491 GC heap after
{Heap after GC invocations=38 (full 0):
 garbage-first heap   total 212992K, used 132010K [0x0000000600000000, 0x0000000800000000)
  region size 4096K, 3 young (12288K), 3 survivors (12288K)
 Metaspace       used 104959K, committed 107328K, reserved 1179648K
  class space    used 15024K, committed 16192K, reserved 1048576K
}
Event: 38.745 GC heap before
{Heap before GC invocations=38 (full 0):
 garbage-first heap   total 212992K, used 185258K [0x0000000600000000, 0x0000000800000000)
  region size 4096K, 17 young (69632K), 3 survivors (12288K)
 Metaspace       used 104985K, committed 107328K, reserved 1179648K
  class space    used 15025K, committed 16192K, reserved 1048576K
}
Event: 38.751 GC heap after
{Heap after GC invocations=39 (full 0):
 garbage-first heap   total 212992K, used 134879K [0x0000000600000000, 0x0000000800000000)
  region size 4096K, 1 young (4096K), 1 survivors (4096K)
 Metaspace       used 104985K, committed 107328K, reserved 1179648K
  class space    used 15025K, committed 16192K, reserved 1048576K
}
Event: 39.287 GC heap before
{Heap before GC invocations=40 (full 0):
 garbage-first heap   total 233472K, used 188127K [0x0000000600000000, 0x0000000800000000)
  region size 4096K, 15 young (61440K), 1 survivors (4096K)
 Metaspace       used 105164K, committed 107520K, reserved 1179648K
  class space    used 15054K, committed 16256K, reserved 1048576K
}
Event: 39.293 GC heap after
{Heap after GC invocations=41 (full 0):
 garbage-first heap   total 233472K, used 141589K [0x0000000600000000, 0x0000000800000000)
  region size 4096K, 2 young (8192K), 2 survivors (8192K)
 Metaspace       used 105164K, committed 107520K, reserved 1179648K
  class space    used 15054K, committed 16256K, reserved 1048576K
}
Event: 39.944 GC heap before
{Heap before GC invocations=41 (full 0):
 garbage-first heap   total 233472K, used 211221K [0x0000000600000000, 0x0000000800000000)
  region size 4096K, 19 young (77824K), 2 survivors (8192K)
 Metaspace       used 105618K, committed 108096K, reserved 1179648K
  class space    used 15111K, committed 16320K, reserved 1048576K
}
Event: 39.951 GC heap after
{Heap after GC invocations=42 (full 0):
 garbage-first heap   total 233472K, used 148836K [0x0000000600000000, 0x0000000800000000)
  region size 4096K, 2 young (8192K), 2 survivors (8192K)
 Metaspace       used 105618K, committed 108096K, reserved 1179648K
  class space    used 15111K, committed 16320K, reserved 1048576K
}

